::1 - - [14/Feb/2022:17:32:08 +0000] "GET / HTTP/1.1" 200 2004 "-" "Mozilla/5.0 (Windows NT 10.0; Win64; x64) AppleWebKit/537.36 (KHTML, like Gecko) Chrome/98.0.4758.82 Safari/537.36"
::1 - - [14/Feb/2022:17:35:29 +0000] "GET / HTTP/1.1" 200 2010 "-" "Mozilla/5.0 (Windows NT 10.0; Win64; x64) AppleWebKit/537.36 (KHTML, like Gecko) Chrome/98.0.4758.82 Safari/537.36"
::1 - - [14/Feb/2022:17:37:03 +0000] "GET / HTTP/1.1" 200 2005 "-" "Mozilla/5.0 (Windows NT 10.0; Win64; x64) AppleWebKit/537.36 (KHTML, like Gecko) Chrome/98.0.4758.82 Safari/537.36"
::1 - - [14/Feb/2022:17:37:17 +0000] "GET / HTTP/1.1" 200 2005 "-" "Mozilla/5.0 (Windows NT 10.0; Win64; x64) AppleWebKit/537.36 (KHTML, like Gecko) Chrome/98.0.4758.82 Safari/537.36"
::1 - - [14/Feb/2022:17:38:03 +0000] "GET /groups HTTP/1.1" 304 - "-" "Mozilla/5.0 (Windows NT 10.0; Win64; x64) AppleWebKit/537.36 (KHTML, like Gecko) Chrome/98.0.4758.82 Safari/537.36"
::1 - - [14/Feb/2022:17:40:34 +0000] "GET /groups HTTP/1.1" 200 1460 "-" "Mozilla/5.0 (Windows NT 10.0; Win64; x64) AppleWebKit/537.36 (KHTML, like Gecko) Chrome/98.0.4758.82 Safari/537.36"
::1 - - [14/Feb/2022:17:40:42 +0000] "GET / HTTP/1.1" 200 2009 "-" "Mozilla/5.0 (Windows NT 10.0; Win64; x64) AppleWebKit/537.36 (KHTML, like Gecko) Chrome/98.0.4758.82 Safari/537.36"
::1 - - [14/Feb/2022:17:46:12 +0000] "GET / HTTP/1.1" 200 3642 "-" "Mozilla/5.0 (Windows NT 10.0; Win64; x64) AppleWebKit/537.36 (KHTML, like Gecko) Chrome/98.0.4758.82 Safari/537.36"
::1 - - [14/Feb/2022:17:47:21 +0000] "GET / HTTP/1.1" 200 3737 "-" "Mozilla/5.0 (Windows NT 10.0; Win64; x64) AppleWebKit/537.36 (KHTML, like Gecko) Chrome/98.0.4758.82 Safari/537.36"
::1 - - [14/Feb/2022:17:47:37 +0000] "GET / HTTP/1.1" 200 3735 "-" "Mozilla/5.0 (Windows NT 10.0; Win64; x64) AppleWebKit/537.36 (KHTML, like Gecko) Chrome/98.0.4758.82 Safari/537.36"
::1 - - [14/Feb/2022:17:48:20 +0000] "GET / HTTP/1.1" 200 3746 "-" "Mozilla/5.0 (Windows NT 10.0; Win64; x64) AppleWebKit/537.36 (KHTML, like Gecko) Chrome/98.0.4758.82 Safari/537.36"
::1 - - [14/Feb/2022:17:49:02 +0000] "GET / HTTP/1.1" 200 3752 "-" "Mozilla/5.0 (Windows NT 10.0; Win64; x64) AppleWebKit/537.36 (KHTML, like Gecko) Chrome/98.0.4758.82 Safari/537.36"
::1 - - [14/Feb/2022:17:49:41 +0000] "GET / HTTP/1.1" 200 3768 "-" "Mozilla/5.0 (Windows NT 10.0; Win64; x64) AppleWebKit/537.36 (KHTML, like Gecko) Chrome/98.0.4758.82 Safari/537.36"
::1 - - [14/Feb/2022:17:50:39 +0000] "GET / HTTP/1.1" 200 2912 "-" "Mozilla/5.0 (Windows NT 10.0; Win64; x64) AppleWebKit/537.36 (KHTML, like Gecko) Chrome/98.0.4758.82 Safari/537.36"
::1 - - [14/Feb/2022:17:50:58 +0000] "GET / HTTP/1.1" 200 2934 "-" "Mozilla/5.0 (Windows NT 10.0; Win64; x64) AppleWebKit/537.36 (KHTML, like Gecko) Chrome/98.0.4758.82 Safari/537.36"
::1 - - [14/Feb/2022:17:51:16 +0000] "GET / HTTP/1.1" 200 2934 "-" "Mozilla/5.0 (Windows NT 10.0; Win64; x64) AppleWebKit/537.36 (KHTML, like Gecko) Chrome/98.0.4758.82 Safari/537.36"
::1 - - [14/Feb/2022:17:51:52 +0000] "GET / HTTP/1.1" 200 2934 "-" "Mozilla/5.0 (Windows NT 10.0; Win64; x64) AppleWebKit/537.36 (KHTML, like Gecko) Chrome/98.0.4758.82 Safari/537.36"
::1 - - [14/Feb/2022:17:52:21 +0000] "GET / HTTP/1.1" 200 3223 "-" "Mozilla/5.0 (Windows NT 10.0; Win64; x64) AppleWebKit/537.36 (KHTML, like Gecko) Chrome/98.0.4758.82 Safari/537.36"
::1 - - [14/Feb/2022:17:52:52 +0000] "GET / HTTP/1.1" 200 3245 "-" "Mozilla/5.0 (Windows NT 10.0; Win64; x64) AppleWebKit/537.36 (KHTML, like Gecko) Chrome/98.0.4758.82 Safari/537.36"
::1 - - [14/Feb/2022:17:56:38 +0000] "GET / HTTP/1.1" 304 - "-" "Mozilla/5.0 (Windows NT 10.0; Win64; x64) AppleWebKit/537.36 (KHTML, like Gecko) Chrome/98.0.4758.82 Safari/537.36"
::1 - - [14/Feb/2022:17:56:47 +0000] "GET /groups HTTP/1.1" 200 1976 "-" "Mozilla/5.0 (Windows NT 10.0; Win64; x64) AppleWebKit/537.36 (KHTML, like Gecko) Chrome/98.0.4758.82 Safari/537.36"
::1 - - [14/Feb/2022:17:58:05 +0000] "GET /groups HTTP/1.1" 200 1985 "-" "Mozilla/5.0 (Windows NT 10.0; Win64; x64) AppleWebKit/537.36 (KHTML, like Gecko) Chrome/98.0.4758.82 Safari/537.36"
::1 - - [14/Feb/2022:17:58:41 +0000] "GET /groups HTTP/1.1" 200 1941 "-" "Mozilla/5.0 (Windows NT 10.0; Win64; x64) AppleWebKit/537.36 (KHTML, like Gecko) Chrome/98.0.4758.82 Safari/537.36"
::1 - - [14/Feb/2022:17:58:52 +0000] "GET /groups HTTP/1.1" 304 - "-" "Mozilla/5.0 (Windows NT 10.0; Win64; x64) AppleWebKit/537.36 (KHTML, like Gecko) Chrome/98.0.4758.82 Safari/537.36"
::1 - - [14/Feb/2022:17:59:24 +0000] "GET / HTTP/1.1" 304 - "-" "Mozilla/5.0 (Windows NT 10.0; Win64; x64) AppleWebKit/537.36 (KHTML, like Gecko) Chrome/98.0.4758.82 Safari/537.36"
::1 - - [14/Feb/2022:18:02:07 +0000] "GET / HTTP/1.1" 200 4041 "-" "Mozilla/5.0 (Windows NT 10.0; Win64; x64) AppleWebKit/537.36 (KHTML, like Gecko) Chrome/98.0.4758.82 Safari/537.36"
::1 - - [14/Feb/2022:18:04:25 +0000] "GET / HTTP/1.1" 200 3798 "-" "Mozilla/5.0 (Windows NT 10.0; Win64; x64) AppleWebKit/537.36 (KHTML, like Gecko) Chrome/98.0.4758.82 Safari/537.36"
::1 - - [14/Feb/2022:18:04:28 +0000] "GET /groups HTTP/1.1" 200 1985 "http://localhost:3000/" "Mozilla/5.0 (Windows NT 10.0; Win64; x64) AppleWebKit/537.36 (KHTML, like Gecko) Chrome/98.0.4758.82 Safari/537.36"
::1 - - [14/Feb/2022:18:06:41 +0000] "GET / HTTP/1.1" 200 3814 "-" "Mozilla/5.0 (Windows NT 10.0; Win64; x64) AppleWebKit/537.36 (KHTML, like Gecko) Chrome/98.0.4758.82 Safari/537.36"
::1 - - [14/Feb/2022:18:07:23 +0000] "GET / HTTP/1.1" 200 3838 "-" "Mozilla/5.0 (Windows NT 10.0; Win64; x64) AppleWebKit/537.36 (KHTML, like Gecko) Chrome/98.0.4758.82 Safari/537.36"
::1 - - [14/Feb/2022:18:07:32 +0000] "GET /groups HTTP/1.1" 200 1909 "http://localhost:3000/" "Mozilla/5.0 (Windows NT 10.0; Win64; x64) AppleWebKit/537.36 (KHTML, like Gecko) Chrome/98.0.4758.82 Safari/537.36"
::1 - - [14/Feb/2022:18:09:05 +0000] "GET /groups HTTP/1.1" 200 2435 "-" "Mozilla/5.0 (Windows NT 10.0; Win64; x64) AppleWebKit/537.36 (KHTML, like Gecko) Chrome/98.0.4758.82 Safari/537.36"
::1 - - [14/Feb/2022:18:09:59 +0000] "GET / HTTP/1.1" 304 - "-" "Mozilla/5.0 (Windows NT 10.0; Win64; x64) AppleWebKit/537.36 (KHTML, like Gecko) Chrome/98.0.4758.82 Safari/537.36"
::1 - - [14/Feb/2022:18:10:23 +0000] "GET /groups HTTP/1.1" 200 2988 "http://localhost:3000/" "Mozilla/5.0 (Windows NT 10.0; Win64; x64) AppleWebKit/537.36 (KHTML, like Gecko) Chrome/98.0.4758.82 Safari/537.36"
::1 - - [14/Feb/2022:18:10:25 +0000] "GET / HTTP/1.1" 304 - "http://localhost:3000/groups" "Mozilla/5.0 (Windows NT 10.0; Win64; x64) AppleWebKit/537.36 (KHTML, like Gecko) Chrome/98.0.4758.82 Safari/537.36"
::1 - - [14/Feb/2022:18:10:30 +0000] "GET / HTTP/1.1" 304 - "http://localhost:3000/" "Mozilla/5.0 (Windows NT 10.0; Win64; x64) AppleWebKit/537.36 (KHTML, like Gecko) Chrome/98.0.4758.82 Safari/537.36"
::1 - - [14/Feb/2022:18:10:32 +0000] "GET /groups HTTP/1.1" 304 - "http://localhost:3000/" "Mozilla/5.0 (Windows NT 10.0; Win64; x64) AppleWebKit/537.36 (KHTML, like Gecko) Chrome/98.0.4758.82 Safari/537.36"
::1 - - [14/Feb/2022:18:13:03 +0000] "GET /groups HTTP/1.1" 304 - "http://localhost:3000/" "Mozilla/5.0 (Windows NT 10.0; Win64; x64) AppleWebKit/537.36 (KHTML, like Gecko) Chrome/98.0.4758.82 Safari/537.36"
