::1 - - [11/Mar/2022:17:26:12 +0000] "GET / HTTP/1.1" 302 92 "-" "Mozilla/5.0 (Windows NT 10.0; Win64; x64) AppleWebKit/537.36 (KHTML, like Gecko) Chrome/99.0.4844.51 Safari/537.36"
::1 - - [11/Mar/2022:17:26:12 +0000] "GET /wbd-middlewares/project HTTP/1.1" 200 2474 "-" "Mozilla/5.0 (Windows NT 10.0; Win64; x64) AppleWebKit/537.36 (KHTML, like Gecko) Chrome/99.0.4844.51 Safari/537.36"
::1 - - [11/Mar/2022:17:26:12 +0000] "GET /favicon.ico HTTP/1.1" 302 46 "http://localhost:5000/wbd-middlewares/project" "Mozilla/5.0 (Windows NT 10.0; Win64; x64) AppleWebKit/537.36 (KHTML, like Gecko) Chrome/99.0.4844.51 Safari/537.36"
::1 - - [11/Mar/2022:17:26:12 +0000] "GET /wbd-middlewares/project HTTP/1.1" 200 2474 "http://localhost:5000/wbd-middlewares/project" "Mozilla/5.0 (Windows NT 10.0; Win64; x64) AppleWebKit/537.36 (KHTML, like Gecko) Chrome/99.0.4844.51 Safari/537.36"
::1 - - [11/Mar/2022:17:26:13 +0000] "GET / HTTP/1.1" 302 92 "-" "Mozilla/5.0 (Windows NT 10.0; Win64; x64) AppleWebKit/537.36 (KHTML, like Gecko) Chrome/99.0.4844.51 Safari/537.36"
::1 - - [11/Mar/2022:17:26:13 +0000] "GET /wbd-middlewares/project HTTP/1.1" 200 2474 "-" "Mozilla/5.0 (Windows NT 10.0; Win64; x64) AppleWebKit/537.36 (KHTML, like Gecko) Chrome/99.0.4844.51 Safari/537.36"
::1 - - [11/Mar/2022:17:26:13 +0000] "GET /favicon.ico HTTP/1.1" 302 46 "http://localhost:5000/wbd-middlewares/project" "Mozilla/5.0 (Windows NT 10.0; Win64; x64) AppleWebKit/537.36 (KHTML, like Gecko) Chrome/99.0.4844.51 Safari/537.36"
::1 - - [11/Mar/2022:17:26:13 +0000] "GET /wbd-middlewares/project HTTP/1.1" 200 2474 "http://localhost:5000/wbd-middlewares/project" "Mozilla/5.0 (Windows NT 10.0; Win64; x64) AppleWebKit/537.36 (KHTML, like Gecko) Chrome/99.0.4844.51 Safari/537.36"
::1 - - [11/Mar/2022:17:26:14 +0000] "GET / HTTP/1.1" 302 92 "-" "Mozilla/5.0 (Windows NT 10.0; Win64; x64) AppleWebKit/537.36 (KHTML, like Gecko) Chrome/99.0.4844.51 Safari/537.36"
::1 - - [11/Mar/2022:17:26:14 +0000] "GET /wbd-middlewares/project HTTP/1.1" 200 2474 "-" "Mozilla/5.0 (Windows NT 10.0; Win64; x64) AppleWebKit/537.36 (KHTML, like Gecko) Chrome/99.0.4844.51 Safari/537.36"
::1 - - [11/Mar/2022:17:26:15 +0000] "GET / HTTP/1.1" 302 92 "-" "Mozilla/5.0 (Windows NT 10.0; Win64; x64) AppleWebKit/537.36 (KHTML, like Gecko) Chrome/99.0.4844.51 Safari/537.36"
::1 - - [11/Mar/2022:17:26:15 +0000] "GET /wbd-middlewares/project HTTP/1.1" 200 2474 "-" "Mozilla/5.0 (Windows NT 10.0; Win64; x64) AppleWebKit/537.36 (KHTML, like Gecko) Chrome/99.0.4844.51 Safari/537.36"
::1 - - [11/Mar/2022:17:26:15 +0000] "GET /favicon.ico HTTP/1.1" 302 46 "http://localhost:5000/wbd-middlewares/project" "Mozilla/5.0 (Windows NT 10.0; Win64; x64) AppleWebKit/537.36 (KHTML, like Gecko) Chrome/99.0.4844.51 Safari/537.36"
::1 - - [11/Mar/2022:17:26:15 +0000] "GET /wbd-middlewares/project HTTP/1.1" 200 2474 "http://localhost:5000/wbd-middlewares/project" "Mozilla/5.0 (Windows NT 10.0; Win64; x64) AppleWebKit/537.36 (KHTML, like Gecko) Chrome/99.0.4844.51 Safari/537.36"
::1 - - [11/Mar/2022:17:26:15 +0000] "GET /favicon.ico HTTP/1.1" 302 46 "http://localhost:5000/wbd-middlewares/project" "Mozilla/5.0 (Windows NT 10.0; Win64; x64) AppleWebKit/537.36 (KHTML, like Gecko) Chrome/99.0.4844.51 Safari/537.36"
::1 - - [11/Mar/2022:17:26:15 +0000] "GET /wbd-middlewares/project HTTP/1.1" 200 2474 "http://localhost:5000/wbd-middlewares/project" "Mozilla/5.0 (Windows NT 10.0; Win64; x64) AppleWebKit/537.36 (KHTML, like Gecko) Chrome/99.0.4844.51 Safari/537.36"
::1 - - [11/Mar/2022:17:26:18 +0000] "GET / HTTP/1.1" 302 92 "-" "Mozilla/5.0 (Windows NT 10.0; Win64; x64) AppleWebKit/537.36 (KHTML, like Gecko) Chrome/99.0.4844.51 Safari/537.36"
::1 - - [11/Mar/2022:17:26:18 +0000] "GET /wbd-middlewares/project HTTP/1.1" 200 2474 "-" "Mozilla/5.0 (Windows NT 10.0; Win64; x64) AppleWebKit/537.36 (KHTML, like Gecko) Chrome/99.0.4844.51 Safari/537.36"
::1 - - [11/Mar/2022:17:26:18 +0000] "GET /favicon.ico HTTP/1.1" 302 46 "http://localhost:5000/wbd-middlewares/project" "Mozilla/5.0 (Windows NT 10.0; Win64; x64) AppleWebKit/537.36 (KHTML, like Gecko) Chrome/99.0.4844.51 Safari/537.36"
::1 - - [11/Mar/2022:17:26:18 +0000] "GET /wbd-middlewares/project HTTP/1.1" 200 2474 "http://localhost:5000/wbd-middlewares/project" "Mozilla/5.0 (Windows NT 10.0; Win64; x64) AppleWebKit/537.36 (KHTML, like Gecko) Chrome/99.0.4844.51 Safari/537.36"
::1 - - [11/Mar/2022:17:26:32 +0000] "GET /favicon.ico HTTP/1.1" 302 46 "http://localhost:5000/wbd-middlewares/project" "Mozilla/5.0 (Windows NT 10.0; Win64; x64) AppleWebKit/537.36 (KHTML, like Gecko) Chrome/99.0.4844.51 Safari/537.36"
::1 - - [11/Mar/2022:17:26:32 +0000] "GET /wbd-middlewares/project HTTP/1.1" 200 2474 "http://localhost:5000/wbd-middlewares/project" "Mozilla/5.0 (Windows NT 10.0; Win64; x64) AppleWebKit/537.36 (KHTML, like Gecko) Chrome/99.0.4844.51 Safari/537.36"
::1 - - [11/Mar/2022:17:26:33 +0000] "GET /wbd-middlewares/project HTTP/1.1" 200 2474 "-" "Mozilla/5.0 (Windows NT 10.0; Win64; x64) AppleWebKit/537.36 (KHTML, like Gecko) Chrome/99.0.4844.51 Safari/537.36"
::1 - - [11/Mar/2022:17:26:33 +0000] "GET /favicon.ico HTTP/1.1" 302 46 "http://localhost:5000/wbd-middlewares/project" "Mozilla/5.0 (Windows NT 10.0; Win64; x64) AppleWebKit/537.36 (KHTML, like Gecko) Chrome/99.0.4844.51 Safari/537.36"
::1 - - [11/Mar/2022:17:26:33 +0000] "GET /wbd-middlewares/project HTTP/1.1" 200 2474 "http://localhost:5000/wbd-middlewares/project" "Mozilla/5.0 (Windows NT 10.0; Win64; x64) AppleWebKit/537.36 (KHTML, like Gecko) Chrome/99.0.4844.51 Safari/537.36"
::1 - - [11/Mar/2022:17:27:18 +0000] "POST /wbd-middlewares/project/submit-form HTTP/1.1" 200 1547 "http://localhost:5000/wbd-middlewares/project" "Mozilla/5.0 (Windows NT 10.0; Win64; x64) AppleWebKit/537.36 (KHTML, like Gecko) Chrome/99.0.4844.51 Safari/537.36"
::1 - - [11/Mar/2022:17:27:18 +0000] "GET /favicon.ico HTTP/1.1" 302 46 "http://localhost:5000/wbd-middlewares/project/submit-form" "Mozilla/5.0 (Windows NT 10.0; Win64; x64) AppleWebKit/537.36 (KHTML, like Gecko) Chrome/99.0.4844.51 Safari/537.36"
::1 - - [11/Mar/2022:17:27:18 +0000] "GET /wbd-middlewares/project HTTP/1.1" 200 2474 "http://localhost:5000/wbd-middlewares/project/submit-form" "Mozilla/5.0 (Windows NT 10.0; Win64; x64) AppleWebKit/537.36 (KHTML, like Gecko) Chrome/99.0.4844.51 Safari/537.36"
