::1 - - [11/Mar/2022:12:05:24 +0000] "GET /wbd-middlewares/project HTTP/1.1" 200 2474 "-" "Mozilla/5.0 (Windows NT 10.0; Win64; x64) AppleWebKit/537.36 (KHTML, like Gecko) Chrome/99.0.4844.51 Safari/537.36"
::1 - - [11/Mar/2022:12:05:24 +0000] "GET /favicon.ico HTTP/1.1" 302 46 "http://localhost:5000/wbd-middlewares/project" "Mozilla/5.0 (Windows NT 10.0; Win64; x64) AppleWebKit/537.36 (KHTML, like Gecko) Chrome/99.0.4844.51 Safari/537.36"
::1 - - [11/Mar/2022:12:05:24 +0000] "GET /wbd-middlewares/project HTTP/1.1" 200 2474 "http://localhost:5000/wbd-middlewares/project" "Mozilla/5.0 (Windows NT 10.0; Win64; x64) AppleWebKit/537.36 (KHTML, like Gecko) Chrome/99.0.4844.51 Safari/537.36"
::1 - - [11/Mar/2022:12:05:24 +0000] "GET /wbd-middlewares/project HTTP/1.1" 200 2474 "-" "Mozilla/5.0 (Windows NT 10.0; Win64; x64) AppleWebKit/537.36 (KHTML, like Gecko) Chrome/99.0.4844.51 Safari/537.36"
::1 - - [11/Mar/2022:12:05:24 +0000] "GET /favicon.ico HTTP/1.1" 302 46 "http://localhost:5000/wbd-middlewares/project" "Mozilla/5.0 (Windows NT 10.0; Win64; x64) AppleWebKit/537.36 (KHTML, like Gecko) Chrome/99.0.4844.51 Safari/537.36"
::1 - - [11/Mar/2022:12:05:24 +0000] "GET /wbd-middlewares/project HTTP/1.1" 200 2474 "http://localhost:5000/wbd-middlewares/project" "Mozilla/5.0 (Windows NT 10.0; Win64; x64) AppleWebKit/537.36 (KHTML, like Gecko) Chrome/99.0.4844.51 Safari/537.36"
::1 - - [11/Mar/2022:12:07:49 +0000] "GET /wbd-middlewares/project HTTP/1.1" 200 2474 "-" "Mozilla/5.0 (Windows NT 10.0; Win64; x64) AppleWebKit/537.36 (KHTML, like Gecko) Chrome/99.0.4844.51 Safari/537.36"
::1 - - [11/Mar/2022:12:07:49 +0000] "GET /favicon.ico HTTP/1.1" 302 46 "http://localhost:5000/wbd-middlewares/project" "Mozilla/5.0 (Windows NT 10.0; Win64; x64) AppleWebKit/537.36 (KHTML, like Gecko) Chrome/99.0.4844.51 Safari/537.36"
::1 - - [11/Mar/2022:12:07:49 +0000] "GET /wbd-middlewares/project HTTP/1.1" 200 2474 "http://localhost:5000/wbd-middlewares/project" "Mozilla/5.0 (Windows NT 10.0; Win64; x64) AppleWebKit/537.36 (KHTML, like Gecko) Chrome/99.0.4844.51 Safari/537.36"
::1 - - [11/Mar/2022:12:07:49 +0000] "GET /wbd-middlewares/project HTTP/1.1" 200 2474 "-" "Mozilla/5.0 (Windows NT 10.0; Win64; x64) AppleWebKit/537.36 (KHTML, like Gecko) Chrome/99.0.4844.51 Safari/537.36"
::1 - - [11/Mar/2022:12:07:49 +0000] "GET /favicon.ico HTTP/1.1" 302 46 "http://localhost:5000/wbd-middlewares/project" "Mozilla/5.0 (Windows NT 10.0; Win64; x64) AppleWebKit/537.36 (KHTML, like Gecko) Chrome/99.0.4844.51 Safari/537.36"
::1 - - [11/Mar/2022:12:07:49 +0000] "GET /wbd-middlewares/project HTTP/1.1" 200 2474 "http://localhost:5000/wbd-middlewares/project" "Mozilla/5.0 (Windows NT 10.0; Win64; x64) AppleWebKit/537.36 (KHTML, like Gecko) Chrome/99.0.4844.51 Safari/537.36"
::1 - - [11/Mar/2022:12:07:51 +0000] "POST /wbd-middlewares/project/submit-form HTTP/1.1" 500 732 "http://localhost:5000/wbd-middlewares/project" "Mozilla/5.0 (Windows NT 10.0; Win64; x64) AppleWebKit/537.36 (KHTML, like Gecko) Chrome/99.0.4844.51 Safari/537.36"
::1 - - [11/Mar/2022:12:07:51 +0000] "GET /favicon.ico HTTP/1.1" 302 46 "http://localhost:5000/wbd-middlewares/project/submit-form" "Mozilla/5.0 (Windows NT 10.0; Win64; x64) AppleWebKit/537.36 (KHTML, like Gecko) Chrome/99.0.4844.51 Safari/537.36"
::1 - - [11/Mar/2022:12:07:51 +0000] "GET /wbd-middlewares/project HTTP/1.1" 200 2474 "http://localhost:5000/wbd-middlewares/project/submit-form" "Mozilla/5.0 (Windows NT 10.0; Win64; x64) AppleWebKit/537.36 (KHTML, like Gecko) Chrome/99.0.4844.51 Safari/537.36"
::1 - - [11/Mar/2022:12:08:32 +0000] "POST /wbd-middlewares/project/submit-form HTTP/1.1" 500 717 "http://localhost:5000/wbd-middlewares/project" "Mozilla/5.0 (Windows NT 10.0; Win64; x64) AppleWebKit/537.36 (KHTML, like Gecko) Chrome/99.0.4844.51 Safari/537.36"
::1 - - [11/Mar/2022:12:08:32 +0000] "GET /favicon.ico HTTP/1.1" 302 46 "http://localhost:5000/wbd-middlewares/project/submit-form" "Mozilla/5.0 (Windows NT 10.0; Win64; x64) AppleWebKit/537.36 (KHTML, like Gecko) Chrome/99.0.4844.51 Safari/537.36"
::1 - - [11/Mar/2022:12:08:32 +0000] "GET /wbd-middlewares/project HTTP/1.1" 200 2474 "http://localhost:5000/wbd-middlewares/project/submit-form" "Mozilla/5.0 (Windows NT 10.0; Win64; x64) AppleWebKit/537.36 (KHTML, like Gecko) Chrome/99.0.4844.51 Safari/537.36"
::1 - - [11/Mar/2022:12:09:05 +0000] "POST /wbd-middlewares/project/submit-form HTTP/1.1" 500 680 "http://localhost:5000/wbd-middlewares/project" "Mozilla/5.0 (Windows NT 10.0; Win64; x64) AppleWebKit/537.36 (KHTML, like Gecko) Chrome/99.0.4844.51 Safari/537.36"
::1 - - [11/Mar/2022:12:09:05 +0000] "GET /favicon.ico HTTP/1.1" 302 46 "http://localhost:5000/wbd-middlewares/project/submit-form" "Mozilla/5.0 (Windows NT 10.0; Win64; x64) AppleWebKit/537.36 (KHTML, like Gecko) Chrome/99.0.4844.51 Safari/537.36"
::1 - - [11/Mar/2022:12:09:05 +0000] "GET /wbd-middlewares/project HTTP/1.1" 200 2474 "http://localhost:5000/wbd-middlewares/project/submit-form" "Mozilla/5.0 (Windows NT 10.0; Win64; x64) AppleWebKit/537.36 (KHTML, like Gecko) Chrome/99.0.4844.51 Safari/537.36"
::1 - - [11/Mar/2022:12:09:23 +0000] "POST /wbd-middlewares/project/submit-form HTTP/1.1" 500 692 "http://localhost:5000/wbd-middlewares/project" "Mozilla/5.0 (Windows NT 10.0; Win64; x64) AppleWebKit/537.36 (KHTML, like Gecko) Chrome/99.0.4844.51 Safari/537.36"
::1 - - [11/Mar/2022:12:09:23 +0000] "GET /favicon.ico HTTP/1.1" 302 46 "http://localhost:5000/wbd-middlewares/project/submit-form" "Mozilla/5.0 (Windows NT 10.0; Win64; x64) AppleWebKit/537.36 (KHTML, like Gecko) Chrome/99.0.4844.51 Safari/537.36"
::1 - - [11/Mar/2022:12:09:23 +0000] "GET /wbd-middlewares/project HTTP/1.1" 200 2474 "http://localhost:5000/wbd-middlewares/project/submit-form" "Mozilla/5.0 (Windows NT 10.0; Win64; x64) AppleWebKit/537.36 (KHTML, like Gecko) Chrome/99.0.4844.51 Safari/537.36"
::1 - - [11/Mar/2022:12:09:53 +0000] "POST /wbd-middlewares/project/submit-form HTTP/1.1" 500 692 "http://localhost:5000/wbd-middlewares/project" "Mozilla/5.0 (Windows NT 10.0; Win64; x64) AppleWebKit/537.36 (KHTML, like Gecko) Chrome/99.0.4844.51 Safari/537.36"
::1 - - [11/Mar/2022:12:09:53 +0000] "GET /favicon.ico HTTP/1.1" 302 46 "http://localhost:5000/wbd-middlewares/project/submit-form" "Mozilla/5.0 (Windows NT 10.0; Win64; x64) AppleWebKit/537.36 (KHTML, like Gecko) Chrome/99.0.4844.51 Safari/537.36"
::1 - - [11/Mar/2022:12:09:53 +0000] "GET /wbd-middlewares/project HTTP/1.1" 200 2474 "http://localhost:5000/wbd-middlewares/project/submit-form" "Mozilla/5.0 (Windows NT 10.0; Win64; x64) AppleWebKit/537.36 (KHTML, like Gecko) Chrome/99.0.4844.51 Safari/537.36"
::1 - - [11/Mar/2022:12:09:56 +0000] "POST /wbd-middlewares/project/submit-form HTTP/1.1" 500 692 "http://localhost:5000/wbd-middlewares/project" "Mozilla/5.0 (Windows NT 10.0; Win64; x64) AppleWebKit/537.36 (KHTML, like Gecko) Chrome/99.0.4844.51 Safari/537.36"
::1 - - [11/Mar/2022:12:09:56 +0000] "GET /favicon.ico HTTP/1.1" 302 46 "http://localhost:5000/wbd-middlewares/project/submit-form" "Mozilla/5.0 (Windows NT 10.0; Win64; x64) AppleWebKit/537.36 (KHTML, like Gecko) Chrome/99.0.4844.51 Safari/537.36"
::1 - - [11/Mar/2022:12:09:56 +0000] "GET /wbd-middlewares/project HTTP/1.1" 200 2474 "http://localhost:5000/wbd-middlewares/project/submit-form" "Mozilla/5.0 (Windows NT 10.0; Win64; x64) AppleWebKit/537.36 (KHTML, like Gecko) Chrome/99.0.4844.51 Safari/537.36"
::1 - - [11/Mar/2022:12:10:15 +0000] "POST /wbd-middlewares/project/submit-form HTTP/1.1" 500 643 "http://localhost:5000/wbd-middlewares/project" "Mozilla/5.0 (Windows NT 10.0; Win64; x64) AppleWebKit/537.36 (KHTML, like Gecko) Chrome/99.0.4844.51 Safari/537.36"
::1 - - [11/Mar/2022:12:10:15 +0000] "GET /favicon.ico HTTP/1.1" 302 46 "http://localhost:5000/wbd-middlewares/project/submit-form" "Mozilla/5.0 (Windows NT 10.0; Win64; x64) AppleWebKit/537.36 (KHTML, like Gecko) Chrome/99.0.4844.51 Safari/537.36"
::1 - - [11/Mar/2022:12:10:15 +0000] "GET /wbd-middlewares/project HTTP/1.1" 200 2474 "http://localhost:5000/wbd-middlewares/project/submit-form" "Mozilla/5.0 (Windows NT 10.0; Win64; x64) AppleWebKit/537.36 (KHTML, like Gecko) Chrome/99.0.4844.51 Safari/537.36"
::1 - - [11/Mar/2022:12:10:17 +0000] "POST /wbd-middlewares/project/submit-form HTTP/1.1" 500 643 "http://localhost:5000/wbd-middlewares/project" "Mozilla/5.0 (Windows NT 10.0; Win64; x64) AppleWebKit/537.36 (KHTML, like Gecko) Chrome/99.0.4844.51 Safari/537.36"
::1 - - [11/Mar/2022:12:10:17 +0000] "GET /favicon.ico HTTP/1.1" 302 46 "http://localhost:5000/wbd-middlewares/project/submit-form" "Mozilla/5.0 (Windows NT 10.0; Win64; x64) AppleWebKit/537.36 (KHTML, like Gecko) Chrome/99.0.4844.51 Safari/537.36"
::1 - - [11/Mar/2022:12:10:17 +0000] "GET /wbd-middlewares/project HTTP/1.1" 200 2474 "http://localhost:5000/wbd-middlewares/project/submit-form" "Mozilla/5.0 (Windows NT 10.0; Win64; x64) AppleWebKit/537.36 (KHTML, like Gecko) Chrome/99.0.4844.51 Safari/537.36"
::1 - - [11/Mar/2022:12:10:32 +0000] "POST /wbd-middlewares/project/submit-form HTTP/1.1" 500 663 "http://localhost:5000/wbd-middlewares/project" "Mozilla/5.0 (Windows NT 10.0; Win64; x64) AppleWebKit/537.36 (KHTML, like Gecko) Chrome/99.0.4844.51 Safari/537.36"
::1 - - [11/Mar/2022:12:10:32 +0000] "GET /favicon.ico HTTP/1.1" 302 46 "http://localhost:5000/wbd-middlewares/project/submit-form" "Mozilla/5.0 (Windows NT 10.0; Win64; x64) AppleWebKit/537.36 (KHTML, like Gecko) Chrome/99.0.4844.51 Safari/537.36"
::1 - - [11/Mar/2022:12:10:32 +0000] "GET /wbd-middlewares/project HTTP/1.1" 200 2474 "http://localhost:5000/wbd-middlewares/project/submit-form" "Mozilla/5.0 (Windows NT 10.0; Win64; x64) AppleWebKit/537.36 (KHTML, like Gecko) Chrome/99.0.4844.51 Safari/537.36"
::1 - - [11/Mar/2022:12:10:45 +0000] "POST /wbd-middlewares/project/submit-form HTTP/1.1" 500 625 "http://localhost:5000/wbd-middlewares/project" "Mozilla/5.0 (Windows NT 10.0; Win64; x64) AppleWebKit/537.36 (KHTML, like Gecko) Chrome/99.0.4844.51 Safari/537.36"
::1 - - [11/Mar/2022:12:10:45 +0000] "GET /favicon.ico HTTP/1.1" 302 46 "http://localhost:5000/wbd-middlewares/project/submit-form" "Mozilla/5.0 (Windows NT 10.0; Win64; x64) AppleWebKit/537.36 (KHTML, like Gecko) Chrome/99.0.4844.51 Safari/537.36"
::1 - - [11/Mar/2022:12:10:45 +0000] "GET /wbd-middlewares/project HTTP/1.1" 200 2474 "http://localhost:5000/wbd-middlewares/project/submit-form" "Mozilla/5.0 (Windows NT 10.0; Win64; x64) AppleWebKit/537.36 (KHTML, like Gecko) Chrome/99.0.4844.51 Safari/537.36"
::1 - - [11/Mar/2022:12:11:22 +0000] "POST /wbd-middlewares/project/submit-form HTTP/1.1" 500 1122 "http://localhost:5000/wbd-middlewares/project" "Mozilla/5.0 (Windows NT 10.0; Win64; x64) AppleWebKit/537.36 (KHTML, like Gecko) Chrome/99.0.4844.51 Safari/537.36"
::1 - - [11/Mar/2022:12:11:22 +0000] "GET /favicon.ico HTTP/1.1" 302 46 "http://localhost:5000/wbd-middlewares/project/submit-form" "Mozilla/5.0 (Windows NT 10.0; Win64; x64) AppleWebKit/537.36 (KHTML, like Gecko) Chrome/99.0.4844.51 Safari/537.36"
::1 - - [11/Mar/2022:12:11:22 +0000] "GET /wbd-middlewares/project HTTP/1.1" 200 2474 "http://localhost:5000/wbd-middlewares/project/submit-form" "Mozilla/5.0 (Windows NT 10.0; Win64; x64) AppleWebKit/537.36 (KHTML, like Gecko) Chrome/99.0.4844.51 Safari/537.36"
::1 - - [11/Mar/2022:12:11:35 +0000] "POST /wbd-middlewares/project/submit-form HTTP/1.1" 500 1126 "http://localhost:5000/wbd-middlewares/project" "Mozilla/5.0 (Windows NT 10.0; Win64; x64) AppleWebKit/537.36 (KHTML, like Gecko) Chrome/99.0.4844.51 Safari/537.36"
::1 - - [11/Mar/2022:12:11:36 +0000] "GET /favicon.ico HTTP/1.1" 302 46 "http://localhost:5000/wbd-middlewares/project/submit-form" "Mozilla/5.0 (Windows NT 10.0; Win64; x64) AppleWebKit/537.36 (KHTML, like Gecko) Chrome/99.0.4844.51 Safari/537.36"
::1 - - [11/Mar/2022:12:11:36 +0000] "GET /wbd-middlewares/project HTTP/1.1" 200 2474 "http://localhost:5000/wbd-middlewares/project/submit-form" "Mozilla/5.0 (Windows NT 10.0; Win64; x64) AppleWebKit/537.36 (KHTML, like Gecko) Chrome/99.0.4844.51 Safari/537.36"
::1 - - [11/Mar/2022:12:11:50 +0000] "POST /wbd-middlewares/project/submit-form HTTP/1.1" 500 1127 "http://localhost:5000/wbd-middlewares/project" "Mozilla/5.0 (Windows NT 10.0; Win64; x64) AppleWebKit/537.36 (KHTML, like Gecko) Chrome/99.0.4844.51 Safari/537.36"
::1 - - [11/Mar/2022:12:11:50 +0000] "GET /favicon.ico HTTP/1.1" 302 46 "http://localhost:5000/wbd-middlewares/project/submit-form" "Mozilla/5.0 (Windows NT 10.0; Win64; x64) AppleWebKit/537.36 (KHTML, like Gecko) Chrome/99.0.4844.51 Safari/537.36"
::1 - - [11/Mar/2022:12:11:50 +0000] "GET /wbd-middlewares/project HTTP/1.1" 200 2474 "http://localhost:5000/wbd-middlewares/project/submit-form" "Mozilla/5.0 (Windows NT 10.0; Win64; x64) AppleWebKit/537.36 (KHTML, like Gecko) Chrome/99.0.4844.51 Safari/537.36"
::1 - - [11/Mar/2022:12:11:59 +0000] "POST /wbd-middlewares/project/submit-form HTTP/1.1" 500 1127 "http://localhost:5000/wbd-middlewares/project" "Mozilla/5.0 (Windows NT 10.0; Win64; x64) AppleWebKit/537.36 (KHTML, like Gecko) Chrome/99.0.4844.51 Safari/537.36"
::1 - - [11/Mar/2022:12:11:59 +0000] "GET /favicon.ico HTTP/1.1" 302 46 "http://localhost:5000/wbd-middlewares/project/submit-form" "Mozilla/5.0 (Windows NT 10.0; Win64; x64) AppleWebKit/537.36 (KHTML, like Gecko) Chrome/99.0.4844.51 Safari/537.36"
::1 - - [11/Mar/2022:12:11:59 +0000] "GET /wbd-middlewares/project HTTP/1.1" 200 2474 "http://localhost:5000/wbd-middlewares/project/submit-form" "Mozilla/5.0 (Windows NT 10.0; Win64; x64) AppleWebKit/537.36 (KHTML, like Gecko) Chrome/99.0.4844.51 Safari/537.36"
::1 - - [11/Mar/2022:12:12:07 +0000] "GET /favicon.ico HTTP/1.1" 302 46 "http://localhost:5000/wbd-middlewares/project" "Mozilla/5.0 (Windows NT 10.0; Win64; x64) AppleWebKit/537.36 (KHTML, like Gecko) Chrome/99.0.4844.51 Safari/537.36"
::1 - - [11/Mar/2022:12:12:07 +0000] "GET /wbd-middlewares/project HTTP/1.1" 200 2474 "http://localhost:5000/wbd-middlewares/project" "Mozilla/5.0 (Windows NT 10.0; Win64; x64) AppleWebKit/537.36 (KHTML, like Gecko) Chrome/99.0.4844.51 Safari/537.36"
::1 - - [11/Mar/2022:12:12:09 +0000] "GET /wbd-middlewares/project HTTP/1.1" 200 2474 "-" "Mozilla/5.0 (Windows NT 10.0; Win64; x64) AppleWebKit/537.36 (KHTML, like Gecko) Chrome/99.0.4844.51 Safari/537.36"
::1 - - [11/Mar/2022:12:12:09 +0000] "GET /favicon.ico HTTP/1.1" 302 46 "http://localhost:5000/wbd-middlewares/project" "Mozilla/5.0 (Windows NT 10.0; Win64; x64) AppleWebKit/537.36 (KHTML, like Gecko) Chrome/99.0.4844.51 Safari/537.36"
::1 - - [11/Mar/2022:12:12:09 +0000] "GET /wbd-middlewares/project HTTP/1.1" 200 2474 "http://localhost:5000/wbd-middlewares/project" "Mozilla/5.0 (Windows NT 10.0; Win64; x64) AppleWebKit/537.36 (KHTML, like Gecko) Chrome/99.0.4844.51 Safari/537.36"
::1 - - [11/Mar/2022:12:12:09 +0000] "GET /wbd-middlewares/project HTTP/1.1" 200 2474 "-" "Mozilla/5.0 (Windows NT 10.0; Win64; x64) AppleWebKit/537.36 (KHTML, like Gecko) Chrome/99.0.4844.51 Safari/537.36"
::1 - - [11/Mar/2022:12:12:09 +0000] "GET /favicon.ico HTTP/1.1" 302 46 "http://localhost:5000/wbd-middlewares/project" "Mozilla/5.0 (Windows NT 10.0; Win64; x64) AppleWebKit/537.36 (KHTML, like Gecko) Chrome/99.0.4844.51 Safari/537.36"
::1 - - [11/Mar/2022:12:12:09 +0000] "GET /wbd-middlewares/project HTTP/1.1" 200 2474 "http://localhost:5000/wbd-middlewares/project" "Mozilla/5.0 (Windows NT 10.0; Win64; x64) AppleWebKit/537.36 (KHTML, like Gecko) Chrome/99.0.4844.51 Safari/537.36"
::1 - - [11/Mar/2022:12:12:09 +0000] "GET /wbd-middlewares/project HTTP/1.1" 200 2474 "-" "Mozilla/5.0 (Windows NT 10.0; Win64; x64) AppleWebKit/537.36 (KHTML, like Gecko) Chrome/99.0.4844.51 Safari/537.36"
::1 - - [11/Mar/2022:12:12:09 +0000] "GET /favicon.ico HTTP/1.1" 302 46 "http://localhost:5000/wbd-middlewares/project" "Mozilla/5.0 (Windows NT 10.0; Win64; x64) AppleWebKit/537.36 (KHTML, like Gecko) Chrome/99.0.4844.51 Safari/537.36"
::1 - - [11/Mar/2022:12:12:09 +0000] "GET /wbd-middlewares/project HTTP/1.1" 200 2474 "http://localhost:5000/wbd-middlewares/project" "Mozilla/5.0 (Windows NT 10.0; Win64; x64) AppleWebKit/537.36 (KHTML, like Gecko) Chrome/99.0.4844.51 Safari/537.36"
::1 - - [11/Mar/2022:12:12:09 +0000] "GET /wbd-middlewares/project HTTP/1.1" 200 2474 "-" "Mozilla/5.0 (Windows NT 10.0; Win64; x64) AppleWebKit/537.36 (KHTML, like Gecko) Chrome/99.0.4844.51 Safari/537.36"
::1 - - [11/Mar/2022:12:12:09 +0000] "GET /favicon.ico HTTP/1.1" 302 46 "http://localhost:5000/wbd-middlewares/project" "Mozilla/5.0 (Windows NT 10.0; Win64; x64) AppleWebKit/537.36 (KHTML, like Gecko) Chrome/99.0.4844.51 Safari/537.36"
::1 - - [11/Mar/2022:12:12:09 +0000] "GET /wbd-middlewares/project HTTP/1.1" 200 2474 "http://localhost:5000/wbd-middlewares/project" "Mozilla/5.0 (Windows NT 10.0; Win64; x64) AppleWebKit/537.36 (KHTML, like Gecko) Chrome/99.0.4844.51 Safari/537.36"
::1 - - [11/Mar/2022:12:14:09 +0000] "GET /wbd-middlewares/project HTTP/1.1" 200 2474 "-" "Mozilla/5.0 (Windows NT 10.0; Win64; x64) AppleWebKit/537.36 (KHTML, like Gecko) Chrome/99.0.4844.51 Safari/537.36"
::1 - - [11/Mar/2022:12:14:09 +0000] "GET /favicon.ico HTTP/1.1" 302 46 "http://localhost:5000/wbd-middlewares/project" "Mozilla/5.0 (Windows NT 10.0; Win64; x64) AppleWebKit/537.36 (KHTML, like Gecko) Chrome/99.0.4844.51 Safari/537.36"
::1 - - [11/Mar/2022:12:14:09 +0000] "GET /wbd-middlewares/project HTTP/1.1" 200 2474 "http://localhost:5000/wbd-middlewares/project" "Mozilla/5.0 (Windows NT 10.0; Win64; x64) AppleWebKit/537.36 (KHTML, like Gecko) Chrome/99.0.4844.51 Safari/537.36"
::1 - - [11/Mar/2022:12:14:16 +0000] "POST /wbd-middlewares/project/submit-form HTTP/1.1" 200 1231 "http://localhost:5000/wbd-middlewares/project" "Mozilla/5.0 (Windows NT 10.0; Win64; x64) AppleWebKit/537.36 (KHTML, like Gecko) Chrome/99.0.4844.51 Safari/537.36"
::1 - - [11/Mar/2022:12:14:16 +0000] "GET /favicon.ico HTTP/1.1" 302 46 "http://localhost:5000/wbd-middlewares/project/submit-form" "Mozilla/5.0 (Windows NT 10.0; Win64; x64) AppleWebKit/537.36 (KHTML, like Gecko) Chrome/99.0.4844.51 Safari/537.36"
::1 - - [11/Mar/2022:12:14:16 +0000] "GET /wbd-middlewares/project HTTP/1.1" 200 2474 "http://localhost:5000/wbd-middlewares/project/submit-form" "Mozilla/5.0 (Windows NT 10.0; Win64; x64) AppleWebKit/537.36 (KHTML, like Gecko) Chrome/99.0.4844.51 Safari/537.36"
