::1 - - [11/Mar/2022:12:15:17 +0000] "POST /wbd-middlewares/project/submit-form HTTP/1.1" 200 1383 "http://localhost:5000/wbd-middlewares/project" "Mozilla/5.0 (Windows NT 10.0; Win64; x64) AppleWebKit/537.36 (KHTML, like Gecko) Chrome/99.0.4844.51 Safari/537.36"
::1 - - [11/Mar/2022:12:15:17 +0000] "GET /favicon.ico HTTP/1.1" 302 46 "http://localhost:5000/wbd-middlewares/project/submit-form" "Mozilla/5.0 (Windows NT 10.0; Win64; x64) AppleWebKit/537.36 (KHTML, like Gecko) Chrome/99.0.4844.51 Safari/537.36"
::1 - - [11/Mar/2022:12:15:17 +0000] "GET /wbd-middlewares/project HTTP/1.1" 200 2474 "http://localhost:5000/wbd-middlewares/project/submit-form" "Mozilla/5.0 (Windows NT 10.0; Win64; x64) AppleWebKit/537.36 (KHTML, like Gecko) Chrome/99.0.4844.51 Safari/537.36"
::1 - - [11/Mar/2022:12:15:31 +0000] "POST /wbd-middlewares/project/submit-form HTTP/1.1" 200 1395 "http://localhost:5000/wbd-middlewares/project" "Mozilla/5.0 (Windows NT 10.0; Win64; x64) AppleWebKit/537.36 (KHTML, like Gecko) Chrome/99.0.4844.51 Safari/537.36"
::1 - - [11/Mar/2022:12:15:31 +0000] "GET /favicon.ico HTTP/1.1" 302 46 "http://localhost:5000/wbd-middlewares/project/submit-form" "Mozilla/5.0 (Windows NT 10.0; Win64; x64) AppleWebKit/537.36 (KHTML, like Gecko) Chrome/99.0.4844.51 Safari/537.36"
::1 - - [11/Mar/2022:12:15:31 +0000] "GET /wbd-middlewares/project HTTP/1.1" 200 2474 "http://localhost:5000/wbd-middlewares/project/submit-form" "Mozilla/5.0 (Windows NT 10.0; Win64; x64) AppleWebKit/537.36 (KHTML, like Gecko) Chrome/99.0.4844.51 Safari/537.36"
::1 - - [11/Mar/2022:12:15:42 +0000] "POST /wbd-middlewares/project/submit-form HTTP/1.1" 200 1400 "http://localhost:5000/wbd-middlewares/project" "Mozilla/5.0 (Windows NT 10.0; Win64; x64) AppleWebKit/537.36 (KHTML, like Gecko) Chrome/99.0.4844.51 Safari/537.36"
::1 - - [11/Mar/2022:12:15:42 +0000] "GET /favicon.ico HTTP/1.1" 302 46 "http://localhost:5000/wbd-middlewares/project/submit-form" "Mozilla/5.0 (Windows NT 10.0; Win64; x64) AppleWebKit/537.36 (KHTML, like Gecko) Chrome/99.0.4844.51 Safari/537.36"
::1 - - [11/Mar/2022:12:15:42 +0000] "GET /wbd-middlewares/project HTTP/1.1" 200 2474 "http://localhost:5000/wbd-middlewares/project/submit-form" "Mozilla/5.0 (Windows NT 10.0; Win64; x64) AppleWebKit/537.36 (KHTML, like Gecko) Chrome/99.0.4844.51 Safari/537.36"
::1 - - [11/Mar/2022:12:16:01 +0000] "POST /wbd-middlewares/project/submit-form HTTP/1.1" 200 1400 "http://localhost:5000/wbd-middlewares/project" "Mozilla/5.0 (Windows NT 10.0; Win64; x64) AppleWebKit/537.36 (KHTML, like Gecko) Chrome/99.0.4844.51 Safari/537.36"
::1 - - [11/Mar/2022:12:16:01 +0000] "GET /favicon.ico HTTP/1.1" 302 46 "http://localhost:5000/wbd-middlewares/project/submit-form" "Mozilla/5.0 (Windows NT 10.0; Win64; x64) AppleWebKit/537.36 (KHTML, like Gecko) Chrome/99.0.4844.51 Safari/537.36"
::1 - - [11/Mar/2022:12:16:01 +0000] "GET /wbd-middlewares/project HTTP/1.1" 200 2474 "http://localhost:5000/wbd-middlewares/project/submit-form" "Mozilla/5.0 (Windows NT 10.0; Win64; x64) AppleWebKit/537.36 (KHTML, like Gecko) Chrome/99.0.4844.51 Safari/537.36"
::1 - - [11/Mar/2022:12:17:06 +0000] "POST /wbd-middlewares/project/submit-form HTTP/1.1" 200 1490 "http://localhost:5000/wbd-middlewares/project" "Mozilla/5.0 (Windows NT 10.0; Win64; x64) AppleWebKit/537.36 (KHTML, like Gecko) Chrome/99.0.4844.51 Safari/537.36"
::1 - - [11/Mar/2022:12:17:06 +0000] "GET /favicon.ico HTTP/1.1" 302 46 "http://localhost:5000/wbd-middlewares/project/submit-form" "Mozilla/5.0 (Windows NT 10.0; Win64; x64) AppleWebKit/537.36 (KHTML, like Gecko) Chrome/99.0.4844.51 Safari/537.36"
::1 - - [11/Mar/2022:12:17:06 +0000] "GET /wbd-middlewares/project HTTP/1.1" 200 2474 "http://localhost:5000/wbd-middlewares/project/submit-form" "Mozilla/5.0 (Windows NT 10.0; Win64; x64) AppleWebKit/537.36 (KHTML, like Gecko) Chrome/99.0.4844.51 Safari/537.36"
::1 - - [11/Mar/2022:12:17:17 +0000] "POST /wbd-middlewares/project/submit-form HTTP/1.1" 200 1494 "http://localhost:5000/wbd-middlewares/project" "Mozilla/5.0 (Windows NT 10.0; Win64; x64) AppleWebKit/537.36 (KHTML, like Gecko) Chrome/99.0.4844.51 Safari/537.36"
::1 - - [11/Mar/2022:12:17:17 +0000] "GET /favicon.ico HTTP/1.1" 302 46 "http://localhost:5000/wbd-middlewares/project/submit-form" "Mozilla/5.0 (Windows NT 10.0; Win64; x64) AppleWebKit/537.36 (KHTML, like Gecko) Chrome/99.0.4844.51 Safari/537.36"
::1 - - [11/Mar/2022:12:17:17 +0000] "GET /wbd-middlewares/project HTTP/1.1" 200 2474 "http://localhost:5000/wbd-middlewares/project/submit-form" "Mozilla/5.0 (Windows NT 10.0; Win64; x64) AppleWebKit/537.36 (KHTML, like Gecko) Chrome/99.0.4844.51 Safari/537.36"
::1 - - [11/Mar/2022:12:17:31 +0000] "POST /wbd-middlewares/project/submit-form HTTP/1.1" 200 1512 "http://localhost:5000/wbd-middlewares/project" "Mozilla/5.0 (Windows NT 10.0; Win64; x64) AppleWebKit/537.36 (KHTML, like Gecko) Chrome/99.0.4844.51 Safari/537.36"
::1 - - [11/Mar/2022:12:17:31 +0000] "GET /favicon.ico HTTP/1.1" 302 46 "http://localhost:5000/wbd-middlewares/project/submit-form" "Mozilla/5.0 (Windows NT 10.0; Win64; x64) AppleWebKit/537.36 (KHTML, like Gecko) Chrome/99.0.4844.51 Safari/537.36"
::1 - - [11/Mar/2022:12:17:31 +0000] "GET /wbd-middlewares/project HTTP/1.1" 200 2474 "http://localhost:5000/wbd-middlewares/project/submit-form" "Mozilla/5.0 (Windows NT 10.0; Win64; x64) AppleWebKit/537.36 (KHTML, like Gecko) Chrome/99.0.4844.51 Safari/537.36"
::1 - - [11/Mar/2022:12:17:52 +0000] "POST /wbd-middlewares/project/submit-form HTTP/1.1" 200 1514 "http://localhost:5000/wbd-middlewares/project" "Mozilla/5.0 (Windows NT 10.0; Win64; x64) AppleWebKit/537.36 (KHTML, like Gecko) Chrome/99.0.4844.51 Safari/537.36"
::1 - - [11/Mar/2022:12:17:52 +0000] "GET /favicon.ico HTTP/1.1" 302 46 "http://localhost:5000/wbd-middlewares/project/submit-form" "Mozilla/5.0 (Windows NT 10.0; Win64; x64) AppleWebKit/537.36 (KHTML, like Gecko) Chrome/99.0.4844.51 Safari/537.36"
::1 - - [11/Mar/2022:12:17:52 +0000] "GET /wbd-middlewares/project HTTP/1.1" 200 2474 "http://localhost:5000/wbd-middlewares/project/submit-form" "Mozilla/5.0 (Windows NT 10.0; Win64; x64) AppleWebKit/537.36 (KHTML, like Gecko) Chrome/99.0.4844.51 Safari/537.36"
::1 - - [11/Mar/2022:12:18:04 +0000] "POST /wbd-middlewares/project/submit-form HTTP/1.1" 200 1515 "http://localhost:5000/wbd-middlewares/project" "Mozilla/5.0 (Windows NT 10.0; Win64; x64) AppleWebKit/537.36 (KHTML, like Gecko) Chrome/99.0.4844.51 Safari/537.36"
::1 - - [11/Mar/2022:12:18:04 +0000] "GET /favicon.ico HTTP/1.1" 302 46 "http://localhost:5000/wbd-middlewares/project/submit-form" "Mozilla/5.0 (Windows NT 10.0; Win64; x64) AppleWebKit/537.36 (KHTML, like Gecko) Chrome/99.0.4844.51 Safari/537.36"
::1 - - [11/Mar/2022:12:18:04 +0000] "GET /wbd-middlewares/project HTTP/1.1" 200 2474 "http://localhost:5000/wbd-middlewares/project/submit-form" "Mozilla/5.0 (Windows NT 10.0; Win64; x64) AppleWebKit/537.36 (KHTML, like Gecko) Chrome/99.0.4844.51 Safari/537.36"
::1 - - [11/Mar/2022:12:18:21 +0000] "POST /wbd-middlewares/project/submit-form HTTP/1.1" 200 1540 "http://localhost:5000/wbd-middlewares/project" "Mozilla/5.0 (Windows NT 10.0; Win64; x64) AppleWebKit/537.36 (KHTML, like Gecko) Chrome/99.0.4844.51 Safari/537.36"
::1 - - [11/Mar/2022:12:18:21 +0000] "GET /favicon.ico HTTP/1.1" 302 46 "http://localhost:5000/wbd-middlewares/project/submit-form" "Mozilla/5.0 (Windows NT 10.0; Win64; x64) AppleWebKit/537.36 (KHTML, like Gecko) Chrome/99.0.4844.51 Safari/537.36"
::1 - - [11/Mar/2022:12:18:21 +0000] "GET /wbd-middlewares/project HTTP/1.1" 200 2474 "http://localhost:5000/wbd-middlewares/project/submit-form" "Mozilla/5.0 (Windows NT 10.0; Win64; x64) AppleWebKit/537.36 (KHTML, like Gecko) Chrome/99.0.4844.51 Safari/537.36"
::1 - - [11/Mar/2022:12:18:28 +0000] "POST /wbd-middlewares/project/submit-form HTTP/1.1" 200 1540 "http://localhost:5000/wbd-middlewares/project" "Mozilla/5.0 (Windows NT 10.0; Win64; x64) AppleWebKit/537.36 (KHTML, like Gecko) Chrome/99.0.4844.51 Safari/537.36"
::1 - - [11/Mar/2022:12:18:28 +0000] "GET /favicon.ico HTTP/1.1" 302 46 "http://localhost:5000/wbd-middlewares/project/submit-form" "Mozilla/5.0 (Windows NT 10.0; Win64; x64) AppleWebKit/537.36 (KHTML, like Gecko) Chrome/99.0.4844.51 Safari/537.36"
::1 - - [11/Mar/2022:12:18:28 +0000] "GET /wbd-middlewares/project HTTP/1.1" 200 2474 "http://localhost:5000/wbd-middlewares/project/submit-form" "Mozilla/5.0 (Windows NT 10.0; Win64; x64) AppleWebKit/537.36 (KHTML, like Gecko) Chrome/99.0.4844.51 Safari/537.36"
::1 - - [11/Mar/2022:12:18:57 +0000] "POST /wbd-middlewares/project/submit-form HTTP/1.1" 200 1540 "http://localhost:5000/wbd-middlewares/project" "Mozilla/5.0 (Windows NT 10.0; Win64; x64) AppleWebKit/537.36 (KHTML, like Gecko) Chrome/99.0.4844.51 Safari/537.36"
::1 - - [11/Mar/2022:12:18:57 +0000] "GET /favicon.ico HTTP/1.1" 302 46 "http://localhost:5000/wbd-middlewares/project/submit-form" "Mozilla/5.0 (Windows NT 10.0; Win64; x64) AppleWebKit/537.36 (KHTML, like Gecko) Chrome/99.0.4844.51 Safari/537.36"
::1 - - [11/Mar/2022:12:18:57 +0000] "GET /wbd-middlewares/project HTTP/1.1" 200 2474 "http://localhost:5000/wbd-middlewares/project/submit-form" "Mozilla/5.0 (Windows NT 10.0; Win64; x64) AppleWebKit/537.36 (KHTML, like Gecko) Chrome/99.0.4844.51 Safari/537.36"
::1 - - [11/Mar/2022:16:44:38 +0000] "GET / HTTP/1.1" 302 92 "-" "Mozilla/5.0 (Windows NT 10.0; Win64; x64) AppleWebKit/537.36 (KHTML, like Gecko) Chrome/99.0.4844.51 Safari/537.36"
::1 - - [11/Mar/2022:16:44:38 +0000] "GET /wbd-middlewares/project HTTP/1.1" 200 2474 "-" "Mozilla/5.0 (Windows NT 10.0; Win64; x64) AppleWebKit/537.36 (KHTML, like Gecko) Chrome/99.0.4844.51 Safari/537.36"
::1 - - [11/Mar/2022:16:44:39 +0000] "GET /favicon.ico HTTP/1.1" 302 46 "http://localhost:5000/wbd-middlewares/project" "Mozilla/5.0 (Windows NT 10.0; Win64; x64) AppleWebKit/537.36 (KHTML, like Gecko) Chrome/99.0.4844.51 Safari/537.36"
::1 - - [11/Mar/2022:16:44:39 +0000] "GET /wbd-middlewares/project HTTP/1.1" 200 2474 "http://localhost:5000/wbd-middlewares/project" "Mozilla/5.0 (Windows NT 10.0; Win64; x64) AppleWebKit/537.36 (KHTML, like Gecko) Chrome/99.0.4844.51 Safari/537.36"
